\BOOKMARK [0][-]{chapter.1}{Abstract}{}% 1
\BOOKMARK [0][-]{chapter.2}{Planning}{}% 2
\BOOKMARK [1][-]{section.2.1}{Chemical Ideas}{chapter.2}% 3
\BOOKMARK [2][-]{subsection.2.1.1}{Rate of Reactions}{section.2.1}% 4
\BOOKMARK [2][-]{subsection.2.1.2}{Factors that Affect the Rate of Reaction}{section.2.1}% 5
\BOOKMARK [2][-]{subsection.2.1.3}{Rate Equations}{section.2.1}% 6
\BOOKMARK [2][-]{subsection.2.1.4}{Orders of Reactions}{section.2.1}% 7
\BOOKMARK [2][-]{subsection.2.1.5}{Finding Rates}{section.2.1}% 8
\BOOKMARK [2][-]{subsection.2.1.6}{pH}{section.2.1}% 9
\BOOKMARK [2][-]{subsection.2.1.7}{Acids}{section.2.1}% 10
\BOOKMARK [2][-]{subsection.2.1.8}{Catalysts}{section.2.1}% 11
\BOOKMARK [2][-]{subsection.2.1.9}{Transition Metal Catalysts}{section.2.1}% 12
\BOOKMARK [2][-]{subsection.2.1.10}{d Orbitals}{section.2.1}% 13
\BOOKMARK [2][-]{subsection.2.1.11}{Complexes and their Properties}{section.2.1}% 14
\BOOKMARK [2][-]{subsection.2.1.12}{Enthalpy Level Diagrams}{section.2.1}% 15
\BOOKMARK [2][-]{subsection.2.1.13}{Metal and Acids}{section.2.1}% 16
\BOOKMARK [1][-]{section.2.2}{Inventory}{chapter.2}% 17
\BOOKMARK [2][-]{subsection.2.2.1}{Equipment List}{section.2.2}% 18
\BOOKMARK [2][-]{subsection.2.2.2}{Chemical List}{section.2.2}% 19
\BOOKMARK [2][-]{subsection.2.2.3}{Preparing Chemicals}{section.2.2}% 20
\BOOKMARK [1][-]{section.2.3}{Risk Assessment}{chapter.2}% 21
\BOOKMARK [1][-]{section.2.4}{Methods}{chapter.2}% 22
\BOOKMARK [2][-]{subsection.2.4.1}{Chosen Method}{section.2.4}% 23
\BOOKMARK [2][-]{subsection.2.4.2}{Justification of Chosen Method}{section.2.4}% 24
\BOOKMARK [0][-]{chapter.3}{Preliminary Work}{}% 25
\BOOKMARK [1][-]{section.3.1}{Preliminary Experiments}{chapter.3}% 26
\BOOKMARK [2][-]{subsection.3.1.1}{What Concentration of Sulfuric Acid to use?}{section.3.1}% 27
\BOOKMARK [2][-]{subsection.3.1.2}{Inverted Burette Method vs Gas Syringe Method}{section.3.1}% 28
\BOOKMARK [1][-]{section.3.2}{Techniques}{chapter.3}% 29
\BOOKMARK [0][-]{chapter.4}{Experiment}{}% 30
\BOOKMARK [0][-]{chapter.5}{Analysis and Interpretation}{}% 31
\BOOKMARK [1][-]{section.5.1}{Analysis}{chapter.5}% 32
\BOOKMARK [1][-]{section.5.2}{Interpretation}{chapter.5}% 33
\BOOKMARK [0][-]{chapter.6}{Evaluation}{}% 34
\BOOKMARK [0][-]{chapter.7}{References}{}% 35
\BOOKMARK [1][-]{section.7.1}{Sources}{chapter.7}% 36
\BOOKMARK [1][-]{section.7.2}{Figures}{chapter.7}% 37
