This is pdfTeX, Version 3.1415926-2.5-1.40.14 (MiKTeX 2.9) (preloaded format=pdflatex 2014.10.20)  3 MAR 2015 21:24
entering extended mode
**C:/Users/Ben/git/ChemistryCoursework/LaTeX/coursework.tex
(C:/Users/Ben/git/ChemistryCoursework/LaTeX/coursework.tex
LaTeX2e <2011/06/27>
Babel <v3.8m> and hyphenation patterns for english, afrikaans, ancientgreek, ar
abic, armenian, assamese, basque, bengali, bokmal, bulgarian, catalan, coptic, 
croatian, czech, danish, dutch, esperanto, estonian, farsi, finnish, french, ga
lician, german, german-x-2013-05-26, greek, gujarati, hindi, hungarian, iceland
ic, indonesian, interlingua, irish, italian, kannada, kurmanji, latin, latvian,
 lithuanian, malayalam, marathi, mongolian, mongolianlmc, monogreek, ngerman, n
german-x-2013-05-26, nynorsk, oriya, panjabi, pinyin, polish, portuguese, roman
ian, russian, sanskrit, serbian, slovak, slovenian, spanish, swedish, swissgerm
an, tamil, telugu, turkish, turkmen, ukenglish, ukrainian, uppersorbian, usengl
ishmax, welsh, loaded.
("C:\Program Files (x86)\MiKTeX 2.9\tex\latex\base\report.cls"
Document Class: report 2007/10/19 v1.4h Standard LaTeX document class
("C:\Program Files (x86)\MiKTeX 2.9\tex\latex\base\size10.clo"
File: size10.clo 2007/10/19 v1.4h Standard LaTeX file (size option)
)
\c@part=\count79
\c@chapter=\count80
\c@section=\count81
\c@subsection=\count82
\c@subsubsection=\count83
\c@paragraph=\count84
\c@subparagraph=\count85
\c@figure=\count86
\c@table=\count87
\abovecaptionskip=\skip41
\belowcaptionskip=\skip42
\bibindent=\dimen102
)
\@input{settings.aux}
(C:\Users\Ben\git\ChemistryCoursework\LaTeX\settings.tex
("C:\Program Files (x86)\MiKTeX 2.9\tex\latex\base\inputenc.sty"
Package: inputenc 2008/03/30 v1.1d Input encoding file
\inpenc@prehook=\toks14
\inpenc@posthook=\toks15

("C:\Program Files (x86)\MiKTeX 2.9\tex\latex\base\utf8.def"
File: utf8.def 2008/04/05 v1.1m UTF-8 support for inputenc
Now handling font encoding OML ...
... no UTF-8 mapping file for font encoding OML
Now handling font encoding T1 ...
... processing UTF-8 mapping file for font encoding T1

("C:\Program Files (x86)\MiKTeX 2.9\tex\latex\base\t1enc.dfu"
File: t1enc.dfu 2008/04/05 v1.1m UTF-8 support for inputenc
   defining Unicode char U+00A1 (decimal 161)
   defining Unicode char U+00A3 (decimal 163)
   defining Unicode char U+00AB (decimal 171)
   defining Unicode char U+00BB (decimal 187)
   defining Unicode char U+00BF (decimal 191)
   defining Unicode char U+00C0 (decimal 192)
   defining Unicode char U+00C1 (decimal 193)
   defining Unicode char U+00C2 (decimal 194)
   defining Unicode char U+00C3 (decimal 195)
   defining Unicode char U+00C4 (decimal 196)
   defining Unicode char U+00C5 (decimal 197)
   defining Unicode char U+00C6 (decimal 198)
   defining Unicode char U+00C7 (decimal 199)
   defining Unicode char U+00C8 (decimal 200)
   defining Unicode char U+00C9 (decimal 201)
   defining Unicode char U+00CA (decimal 202)
   defining Unicode char U+00CB (decimal 203)
   defining Unicode char U+00CC (decimal 204)
   defining Unicode char U+00CD (decimal 205)
   defining Unicode char U+00CE (decimal 206)
   defining Unicode char U+00CF (decimal 207)
   defining Unicode char U+00D0 (decimal 208)
   defining Unicode char U+00D1 (decimal 209)
   defining Unicode char U+00D2 (decimal 210)
   defining Unicode char U+00D3 (decimal 211)
   defining Unicode char U+00D4 (decimal 212)
   defining Unicode char U+00D5 (decimal 213)
   defining Unicode char U+00D6 (decimal 214)
   defining Unicode char U+00D8 (decimal 216)
   defining Unicode char U+00D9 (decimal 217)
   defining Unicode char U+00DA (decimal 218)
   defining Unicode char U+00DB (decimal 219)
   defining Unicode char U+00DC (decimal 220)
   defining Unicode char U+00DD (decimal 221)
   defining Unicode char U+00DE (decimal 222)
   defining Unicode char U+00DF (decimal 223)
   defining Unicode char U+00E0 (decimal 224)
   defining Unicode char U+00E1 (decimal 225)
   defining Unicode char U+00E2 (decimal 226)
   defining Unicode char U+00E3 (decimal 227)
   defining Unicode char U+00E4 (decimal 228)
   defining Unicode char U+00E5 (decimal 229)
   defining Unicode char U+00E6 (decimal 230)
   defining Unicode char U+00E7 (decimal 231)
   defining Unicode char U+00E8 (decimal 232)
   defining Unicode char U+00E9 (decimal 233)
   defining Unicode char U+00EA (decimal 234)
   defining Unicode char U+00EB (decimal 235)
   defining Unicode char U+00EC (decimal 236)
   defining Unicode char U+00ED (decimal 237)
   defining Unicode char U+00EE (decimal 238)
   defining Unicode char U+00EF (decimal 239)
   defining Unicode char U+00F0 (decimal 240)
   defining Unicode char U+00F1 (decimal 241)
   defining Unicode char U+00F2 (decimal 242)
   defining Unicode char U+00F3 (decimal 243)
   defining Unicode char U+00F4 (decimal 244)
   defining Unicode char U+00F5 (decimal 245)
   defining Unicode char U+00F6 (decimal 246)
   defining Unicode char U+00F8 (decimal 248)
   defining Unicode char U+00F9 (decimal 249)
   defining Unicode char U+00FA (decimal 250)
   defining Unicode char U+00FB (decimal 251)
   defining Unicode char U+00FC (decimal 252)
   defining Unicode char U+00FD (decimal 253)
   defining Unicode char U+00FE (decimal 254)
   defining Unicode char U+00FF (decimal 255)
   defining Unicode char U+0102 (decimal 258)
   defining Unicode char U+0103 (decimal 259)
   defining Unicode char U+0104 (decimal 260)
   defining Unicode char U+0105 (decimal 261)
   defining Unicode char U+0106 (decimal 262)
   defining Unicode char U+0107 (decimal 263)
   defining Unicode char U+010C (decimal 268)
   defining Unicode char U+010D (decimal 269)
   defining Unicode char U+010E (decimal 270)
   defining Unicode char U+010F (decimal 271)
   defining Unicode char U+0110 (decimal 272)
   defining Unicode char U+0111 (decimal 273)
   defining Unicode char U+0118 (decimal 280)
   defining Unicode char U+0119 (decimal 281)
   defining Unicode char U+011A (decimal 282)
   defining Unicode char U+011B (decimal 283)
   defining Unicode char U+011E (decimal 286)
   defining Unicode char U+011F (decimal 287)
   defining Unicode char U+0130 (decimal 304)
   defining Unicode char U+0131 (decimal 305)
   defining Unicode char U+0132 (decimal 306)
   defining Unicode char U+0133 (decimal 307)
   defining Unicode char U+0139 (decimal 313)
   defining Unicode char U+013A (decimal 314)
   defining Unicode char U+013D (decimal 317)
   defining Unicode char U+013E (decimal 318)
   defining Unicode char U+0141 (decimal 321)
   defining Unicode char U+0142 (decimal 322)
   defining Unicode char U+0143 (decimal 323)
   defining Unicode char U+0144 (decimal 324)
   defining Unicode char U+0147 (decimal 327)
   defining Unicode char U+0148 (decimal 328)
   defining Unicode char U+014A (decimal 330)
   defining Unicode char U+014B (decimal 331)
   defining Unicode char U+0150 (decimal 336)
   defining Unicode char U+0151 (decimal 337)
   defining Unicode char U+0152 (decimal 338)
   defining Unicode char U+0153 (decimal 339)
   defining Unicode char U+0154 (decimal 340)
   defining Unicode char U+0155 (decimal 341)
   defining Unicode char U+0158 (decimal 344)
   defining Unicode char U+0159 (decimal 345)
   defining Unicode char U+015A (decimal 346)
   defining Unicode char U+015B (decimal 347)
   defining Unicode char U+015E (decimal 350)
   defining Unicode char U+015F (decimal 351)
   defining Unicode char U+0160 (decimal 352)
   defining Unicode char U+0161 (decimal 353)
   defining Unicode char U+0162 (decimal 354)
   defining Unicode char U+0163 (decimal 355)
   defining Unicode char U+0164 (decimal 356)
   defining Unicode char U+0165 (decimal 357)
   defining Unicode char U+016E (decimal 366)
   defining Unicode char U+016F (decimal 367)
   defining Unicode char U+0170 (decimal 368)
   defining Unicode char U+0171 (decimal 369)
   defining Unicode char U+0178 (decimal 376)
   defining Unicode char U+0179 (decimal 377)
   defining Unicode char U+017A (decimal 378)
   defining Unicode char U+017B (decimal 379)
   defining Unicode char U+017C (decimal 380)
   defining Unicode char U+017D (decimal 381)
   defining Unicode char U+017E (decimal 382)
   defining Unicode char U+200C (decimal 8204)
   defining Unicode char U+2013 (decimal 8211)
   defining Unicode char U+2014 (decimal 8212)
   defining Unicode char U+2018 (decimal 8216)
   defining Unicode char U+2019 (decimal 8217)
   defining Unicode char U+201A (decimal 8218)
   defining Unicode char U+201C (decimal 8220)
   defining Unicode char U+201D (decimal 8221)
   defining Unicode char U+201E (decimal 8222)
   defining Unicode char U+2030 (decimal 8240)
   defining Unicode char U+2031 (decimal 8241)
   defining Unicode char U+2039 (decimal 8249)
   defining Unicode char U+203A (decimal 8250)
   defining Unicode char U+2423 (decimal 9251)
)
Now handling font encoding OT1 ...
... processing UTF-8 mapping file for font encoding OT1

("C:\Program Files (x86)\MiKTeX 2.9\tex\latex\base\ot1enc.dfu"
File: ot1enc.dfu 2008/04/05 v1.1m UTF-8 support for inputenc
   defining Unicode char U+00A1 (decimal 161)
   defining Unicode char U+00A3 (decimal 163)
   defining Unicode char U+00B8 (decimal 184)
   defining Unicode char U+00BF (decimal 191)
   defining Unicode char U+00C5 (decimal 197)
   defining Unicode char U+00C6 (decimal 198)
   defining Unicode char U+00D8 (decimal 216)
   defining Unicode char U+00DF (decimal 223)
   defining Unicode char U+00E6 (decimal 230)
   defining Unicode char U+00EC (decimal 236)
   defining Unicode char U+00ED (decimal 237)
   defining Unicode char U+00EE (decimal 238)
   defining Unicode char U+00EF (decimal 239)
   defining Unicode char U+00F8 (decimal 248)
   defining Unicode char U+0131 (decimal 305)
   defining Unicode char U+0141 (decimal 321)
   defining Unicode char U+0142 (decimal 322)
   defining Unicode char U+0152 (decimal 338)
   defining Unicode char U+0153 (decimal 339)
   defining Unicode char U+2013 (decimal 8211)
   defining Unicode char U+2014 (decimal 8212)
   defining Unicode char U+2018 (decimal 8216)
   defining Unicode char U+2019 (decimal 8217)
   defining Unicode char U+201C (decimal 8220)
   defining Unicode char U+201D (decimal 8221)
)
Now handling font encoding OMS ...
... processing UTF-8 mapping file for font encoding OMS

("C:\Program Files (x86)\MiKTeX 2.9\tex\latex\base\omsenc.dfu"
File: omsenc.dfu 2008/04/05 v1.1m UTF-8 support for inputenc
   defining Unicode char U+00A7 (decimal 167)
   defining Unicode char U+00B6 (decimal 182)
   defining Unicode char U+00B7 (decimal 183)
   defining Unicode char U+2020 (decimal 8224)
   defining Unicode char U+2021 (decimal 8225)
   defining Unicode char U+2022 (decimal 8226)
)
Now handling font encoding OMX ...
... no UTF-8 mapping file for font encoding OMX
Now handling font encoding U ...
... no UTF-8 mapping file for font encoding U
   defining Unicode char U+00A9 (decimal 169)
   defining Unicode char U+00AA (decimal 170)
   defining Unicode char U+00AE (decimal 174)
   defining Unicode char U+00BA (decimal 186)
   defining Unicode char U+02C6 (decimal 710)
   defining Unicode char U+02DC (decimal 732)
   defining Unicode char U+200C (decimal 8204)
   defining Unicode char U+2026 (decimal 8230)
   defining Unicode char U+2122 (decimal 8482)
   defining Unicode char U+2423 (decimal 9251)
))
("C:\Program Files (x86)\MiKTeX 2.9\tex\latex\listings\listings.sty"
("C:\Program Files (x86)\MiKTeX 2.9\tex\latex\graphics\keyval.sty"
Package: keyval 1999/03/16 v1.13 key=value parser (DPC)
\KV@toks@=\toks16
)
\lst@mode=\count88
\lst@gtempboxa=\box26
\lst@token=\toks17
\lst@length=\count89
\lst@currlwidth=\dimen103
\lst@column=\count90
\lst@pos=\count91
\lst@lostspace=\dimen104
\lst@width=\dimen105
\lst@newlines=\count92
\lst@lineno=\count93
\lst@maxwidth=\dimen106

("C:\Program Files (x86)\MiKTeX 2.9\tex\latex\listings\lstmisc.sty"
File: lstmisc.sty 2014/09/06 1.5e (Carsten Heinz)
\c@lstnumber=\count94
\lst@skipnumbers=\count95
\lst@framebox=\box27
)
("C:\Program Files (x86)\MiKTeX 2.9\tex\latex\listings\listings.cfg"
File: listings.cfg 2014/09/06 1.5e listings configuration
))
Package: listings 2014/09/06 1.5e (Carsten Heinz)

("C:\Program Files (x86)\MiKTeX 2.9\tex\latex\fancybox\fancybox.sty"
Package: fancybox 2010/05/15 1.4

Style option: `fancybox' v1.4 <2010/05/15> (tvz)
\@fancybox=\box28
\shadowsize=\dimen107
\@Sbox=\box29
\do@VerbBox=\toks18
\the@fancyput=\toks19
\this@fancyput=\toks20
\EndVerbatimTokens=\toks21
\Verbatim@Outfile=\write3
\Verbatim@Infile=\read1
) ("C:\Program Files (x86)\MiKTeX 2.9\tex\latex\graphics\graphicx.sty"
Package: graphicx 1999/02/16 v1.0f Enhanced LaTeX Graphics (DPC,SPQR)

("C:\Program Files (x86)\MiKTeX 2.9\tex\latex\graphics\graphics.sty"
Package: graphics 2009/02/05 v1.0o Standard LaTeX Graphics (DPC,SPQR)

("C:\Program Files (x86)\MiKTeX 2.9\tex\latex\graphics\trig.sty"
Package: trig 1999/03/16 v1.09 sin cos tan (DPC)
)
("C:\Program Files (x86)\MiKTeX 2.9\tex\latex\00miktex\graphics.cfg"
File: graphics.cfg 2007/01/18 v1.5 graphics configuration of teTeX/TeXLive
)
Package graphics Info: Driver file: pdftex.def on input line 91.

("C:\Program Files (x86)\MiKTeX 2.9\tex\latex\pdftex-def\pdftex.def"
File: pdftex.def 2011/05/27 v0.06d Graphics/color for pdfTeX

("C:\Program Files (x86)\MiKTeX 2.9\tex\generic\oberdiek\infwarerr.sty"
Package: infwarerr 2010/04/08 v1.3 Providing info/warning/error messages (HO)
)
("C:\Program Files (x86)\MiKTeX 2.9\tex\generic\oberdiek\ltxcmds.sty"
Package: ltxcmds 2011/11/09 v1.22 LaTeX kernel commands for general use (HO)
)
\Gread@gobject=\count96
))
\Gin@req@height=\dimen108
\Gin@req@width=\dimen109
)
("C:\Program Files (x86)\MiKTeX 2.9\tex\latex\ltxmisc\parskip.sty"
Package: parskip 2001/04/09 non-zero parskip adjustments
)
("C:\Program Files (x86)\MiKTeX 2.9\tex\latex\mathtools\mathtools.sty"
Package: mathtools 2014/07/16 v1.15 mathematical typesetting tools

("C:\Program Files (x86)\MiKTeX 2.9\tex\latex\tools\calc.sty"
Package: calc 2007/08/22 v4.3 Infix arithmetic (KKT,FJ)
\calc@Acount=\count97
\calc@Bcount=\count98
\calc@Adimen=\dimen110
\calc@Bdimen=\dimen111
\calc@Askip=\skip43
\calc@Bskip=\skip44
LaTeX Info: Redefining \setlength on input line 76.
LaTeX Info: Redefining \addtolength on input line 77.
\calc@Ccount=\count99
\calc@Cskip=\skip45
)
("C:\Program Files (x86)\MiKTeX 2.9\tex\latex\mathtools\mhsetup.sty"
Package: mhsetup 2010/01/21 v1.2a programming setup (MH)
)
("C:\Program Files (x86)\MiKTeX 2.9\tex\latex\amsmath\amsmath.sty"
Package: amsmath 2013/01/14 v2.14 AMS math features
\@mathmargin=\skip46

For additional information on amsmath, use the `?' option.
("C:\Program Files (x86)\MiKTeX 2.9\tex\latex\amsmath\amstext.sty"
Package: amstext 2000/06/29 v2.01

("C:\Program Files (x86)\MiKTeX 2.9\tex\latex\amsmath\amsgen.sty"
File: amsgen.sty 1999/11/30 v2.0
\@emptytoks=\toks22
\ex@=\dimen112
))
("C:\Program Files (x86)\MiKTeX 2.9\tex\latex\amsmath\amsbsy.sty"
Package: amsbsy 1999/11/29 v1.2d
\pmbraise@=\dimen113
)
("C:\Program Files (x86)\MiKTeX 2.9\tex\latex\amsmath\amsopn.sty"
Package: amsopn 1999/12/14 v2.01 operator names
)
\inf@bad=\count100
LaTeX Info: Redefining \frac on input line 210.
\uproot@=\count101
\leftroot@=\count102
LaTeX Info: Redefining \overline on input line 306.
\classnum@=\count103
\DOTSCASE@=\count104
LaTeX Info: Redefining \ldots on input line 378.
LaTeX Info: Redefining \dots on input line 381.
LaTeX Info: Redefining \cdots on input line 466.
\Mathstrutbox@=\box30
\strutbox@=\box31
\big@size=\dimen114
LaTeX Font Info:    Redeclaring font encoding OML on input line 566.
LaTeX Font Info:    Redeclaring font encoding OMS on input line 567.
\macc@depth=\count105
\c@MaxMatrixCols=\count106
\dotsspace@=\muskip10
\c@parentequation=\count107
\dspbrk@lvl=\count108
\tag@help=\toks23
\row@=\count109
\column@=\count110
\maxfields@=\count111
\andhelp@=\toks24
\eqnshift@=\dimen115
\alignsep@=\dimen116
\tagshift@=\dimen117
\tagwidth@=\dimen118
\totwidth@=\dimen119
\lineht@=\dimen120
\@envbody=\toks25
\multlinegap=\skip47
\multlinetaggap=\skip48
\mathdisplay@stack=\toks26
LaTeX Info: Redefining \[ on input line 2665.
LaTeX Info: Redefining \] on input line 2666.
)
LaTeX Info: Thecontrolsequence`\['isalreadyrobust on input line 129.
LaTeX Info: Thecontrolsequence`\]'isalreadyrobust on input line 129.
\g_MT_multlinerow_int=\count112
\l_MT_multwidth_dim=\dimen121
\origjot=\skip49
\l_MT_shortvdotswithinadjustabove_dim=\dimen122
\l_MT_shortvdotswithinadjustbelow_dim=\dimen123
\l_MT_above_intertext_sep=\dimen124
\l_MT_below_intertext_sep=\dimen125
\l_MT_above_shortintertext_sep=\dimen126
\l_MT_below_shortintertext_sep=\dimen127
)
("C:\Program Files (x86)\MiKTeX 2.9\tex\latex\hyperref\hyperref.sty"
Package: hyperref 2012/11/06 v6.83m Hypertext links for LaTeX

("C:\Program Files (x86)\MiKTeX 2.9\tex\generic\oberdiek\hobsub-hyperref.sty"
Package: hobsub-hyperref 2012/04/25 v1.12 Bundle oberdiek, subset hyperref (HO)


("C:\Program Files (x86)\MiKTeX 2.9\tex\generic\oberdiek\hobsub-generic.sty"
Package: hobsub-generic 2012/04/25 v1.12 Bundle oberdiek, subset generic (HO)
Package: hobsub 2012/04/25 v1.12 Construct package bundles (HO)
Package hobsub Info: Skipping package `infwarerr' (already loaded).
Package hobsub Info: Skipping package `ltxcmds' (already loaded).
Package: ifluatex 2010/03/01 v1.3 Provides the ifluatex switch (HO)
Package ifluatex Info: LuaTeX not detected.
Package: ifvtex 2010/03/01 v1.5 Detect VTeX and its facilities (HO)
Package ifvtex Info: VTeX not detected.
Package: intcalc 2007/09/27 v1.1 Expandable calculations with integers (HO)
Package: ifpdf 2011/01/30 v2.3 Provides the ifpdf switch (HO)
Package ifpdf Info: pdfTeX in PDF mode is detected.
Package: etexcmds 2011/02/16 v1.5 Avoid name clashes with e-TeX commands (HO)
Package etexcmds Info: Could not find \expanded.
(etexcmds)             That can mean that you are not using pdfTeX 1.50 or
(etexcmds)             that some package has redefined \expanded.
(etexcmds)             In the latter case, load this package earlier.
Package: kvsetkeys 2012/04/25 v1.16 Key value parser (HO)
Package: kvdefinekeys 2011/04/07 v1.3 Define keys (HO)
Package: pdftexcmds 2011/11/29 v0.20 Utility functions of pdfTeX for LuaTeX (HO
)
Package pdftexcmds Info: LuaTeX not detected.
Package pdftexcmds Info: \pdf@primitive is available.
Package pdftexcmds Info: \pdf@ifprimitive is available.
Package pdftexcmds Info: \pdfdraftmode found.
Package: pdfescape 2011/11/25 v1.13 Implements pdfTeX's escape features (HO)
Package: bigintcalc 2012/04/08 v1.3 Expandable calculations on big integers (HO
)
Package: bitset 2011/01/30 v1.1 Handle bit-vector datatype (HO)
Package: uniquecounter 2011/01/30 v1.2 Provide unlimited unique counter (HO)
)
Package hobsub Info: Skipping package `hobsub' (already loaded).
Package: letltxmacro 2010/09/02 v1.4 Let assignment for LaTeX macros (HO)
Package: hopatch 2011/06/24 v1.1 Wrapper for package hooks (HO)
Package: xcolor-patch 2011/01/30 xcolor patch
Package: atveryend 2011/06/30 v1.8 Hooks at the very end of document (HO)
Package atveryend Info: \enddocument detected (standard20110627).
Package: atbegshi 2011/10/05 v1.16 At begin shipout hook (HO)
Package: refcount 2011/10/16 v3.4 Data extraction from label references (HO)
Package: hycolor 2011/01/30 v1.7 Color options for hyperref/bookmark (HO)
)
("C:\Program Files (x86)\MiKTeX 2.9\tex\generic\ifxetex\ifxetex.sty"
Package: ifxetex 2010/09/12 v0.6 Provides ifxetex conditional
)
("C:\Program Files (x86)\MiKTeX 2.9\tex\latex\oberdiek\auxhook.sty"
Package: auxhook 2011/03/04 v1.3 Hooks for auxiliary files (HO)
)
("C:\Program Files (x86)\MiKTeX 2.9\tex\latex\oberdiek\kvoptions.sty"
Package: kvoptions 2011/06/30 v3.11 Key value format for package options (HO)
)
\@linkdim=\dimen128
\Hy@linkcounter=\count113
\Hy@pagecounter=\count114

("C:\Program Files (x86)\MiKTeX 2.9\tex\latex\hyperref\pd1enc.def"
File: pd1enc.def 2012/11/06 v6.83m Hyperref: PDFDocEncoding definition (HO)
Now handling font encoding PD1 ...
... no UTF-8 mapping file for font encoding PD1
)
\Hy@SavedSpaceFactor=\count115

("C:\Program Files (x86)\MiKTeX 2.9\tex\latex\00miktex\hyperref.cfg"
File: hyperref.cfg 2002/06/06 v1.2 hyperref configuration of TeXLive
)
Package hyperref Info: Hyper figures OFF on input line 4443.
Package hyperref Info: Link nesting OFF on input line 4448.
Package hyperref Info: Hyper index ON on input line 4451.
Package hyperref Info: Plain pages OFF on input line 4458.
Package hyperref Info: Backreferencing OFF on input line 4463.
Package hyperref Info: Implicit mode ON; LaTeX internals redefined.
Package hyperref Info: Bookmarks ON on input line 4688.
\c@Hy@tempcnt=\count116

("C:\Program Files (x86)\MiKTeX 2.9\tex\latex\url\url.sty"
\Urlmuskip=\muskip11
Package: url 2013/09/16  ver 3.4  Verb mode for urls, etc.
)
LaTeX Info: Redefining \url on input line 5041.
\XeTeXLinkMargin=\dimen129
\Fld@menulength=\count117
\Field@Width=\dimen130
\Fld@charsize=\dimen131
Package hyperref Info: Hyper figures OFF on input line 6295.
Package hyperref Info: Link nesting OFF on input line 6300.
Package hyperref Info: Hyper index ON on input line 6303.
Package hyperref Info: backreferencing OFF on input line 6310.
Package hyperref Info: Link coloring OFF on input line 6315.
Package hyperref Info: Link coloring with OCG OFF on input line 6320.
Package hyperref Info: PDF/A mode OFF on input line 6325.
LaTeX Info: Redefining \ref on input line 6365.
LaTeX Info: Redefining \pageref on input line 6369.
\Hy@abspage=\count118
\c@Item=\count119
\c@Hfootnote=\count120
)

Package hyperref Message: Driver (autodetected): hpdftex.

("C:\Program Files (x86)\MiKTeX 2.9\tex\latex\hyperref\hpdftex.def"
File: hpdftex.def 2012/11/06 v6.83m Hyperref driver for pdfTeX
\Fld@listcount=\count121
\c@bookmark@seq@number=\count122

("C:\Program Files (x86)\MiKTeX 2.9\tex\latex\oberdiek\rerunfilecheck.sty"
Package: rerunfilecheck 2011/04/15 v1.7 Rerun checks for auxiliary files (HO)
Package uniquecounter Info: New unique counter `rerunfilecheck' on input line 2
82.
)
\Hy@SectionHShift=\skip50
)
("C:\Program Files (x86)\MiKTeX 2.9\tex\latex\marvosym\marvosym.sty"
Package: marvosym 2011/07/20 v2.2 Martin Vogel's Symbols font definitions
)
("C:\Program Files (x86)\MiKTeX 2.9\tex\latex\enumitem\enumitem.sty"
Package: enumitem 2011/09/28 v3.5.2 Customized lists
\labelindent=\skip51
\enit@outerparindent=\dimen132
\enit@toks=\toks27
\enit@inbox=\box32
\enitdp@description=\count123
)
("C:\Program Files (x86)\MiKTeX 2.9\tex\latex\float\float.sty"
Package: float 2001/11/08 v1.3d Float enhancements (AL)
\c@float@type=\count124
\float@exts=\toks28
\float@box=\box33
\@float@everytoks=\toks29
\@floatcapt=\box34
)
("C:\Program Files (x86)\MiKTeX 2.9\tex\latex\algorithmicx\algpseudocode.sty"
Package: algpseudocode 

("C:\Program Files (x86)\MiKTeX 2.9\tex\latex\base\ifthen.sty"
Package: ifthen 2001/05/26 v1.1c Standard LaTeX ifthen package (DPC)
)
("C:\Program Files (x86)\MiKTeX 2.9\tex\latex\algorithmicx\algorithmicx.sty"
Package: algorithmicx 2005/04/27 v1.2 Algorithmicx

Document Style algorithmicx 1.2 - a greatly improved `algorithmic' style
\c@ALG@line=\count125
\c@ALG@rem=\count126
\c@ALG@nested=\count127
\ALG@tlm=\skip52
\ALG@thistlm=\skip53
\c@ALG@Lnr=\count128
\c@ALG@blocknr=\count129
\c@ALG@storecount=\count130
\c@ALG@tmpcounter=\count131
\ALG@tmplength=\skip54
)
Document Style - pseudocode environments for use with the `algorithmicx' style
) ("C:\Program Files (x86)\MiKTeX 2.9\tex\latex\algorithms\algorithm.sty"
Package: algorithm 2009/08/24 v0.1 Document Style `algorithm' - floating enviro
nment
\@float@every@algorithm=\toks30
\c@algorithm=\count132
)
("C:\Program Files (x86)\MiKTeX 2.9\tex\latex\comment\comment.sty"
\CommentStream=\write4

Excluding comment 'comment')
("C:\Program Files (x86)\MiKTeX 2.9\tex\latex\tools\longtable.sty"
Package: longtable 2004/02/01 v4.11 Multi-page Table package (DPC)
\LTleft=\skip55
\LTright=\skip56
\LTpre=\skip57
\LTpost=\skip58
\LTchunksize=\count133
\LTcapwidth=\dimen133
\LT@head=\box35
\LT@firsthead=\box36
\LT@foot=\box37
\LT@lastfoot=\box38
\LT@cols=\count134
\LT@rows=\count135
\c@LT@tables=\count136
\c@LT@chunks=\count137
\LT@p@ftn=\toks31
)
("C:\Program Files (x86)\MiKTeX 2.9\tex\latex\oberdiek\pdflscape.sty"
Package: pdflscape 2008/08/11 v0.10 Display of landscape pages in PDF (HO)

("C:\Program Files (x86)\MiKTeX 2.9\tex\latex\graphics\lscape.sty"
Package: lscape 2000/10/22 v3.01 Landscape Pages (DPC)
)
Package pdflscape Info: Auto-detected driver: pdftex on input line 80.
)
("C:\Program Files (x86)\MiKTeX 2.9\tex\latex\fancyhdr\fancyhdr.sty"
\fancy@headwidth=\skip59
\f@ncyO@elh=\skip60
\f@ncyO@erh=\skip61
\f@ncyO@olh=\skip62
\f@ncyO@orh=\skip63
\f@ncyO@elf=\skip64
\f@ncyO@erf=\skip65
\f@ncyO@olf=\skip66
\f@ncyO@orf=\skip67
)
("C:\Program Files (x86)\MiKTeX 2.9\tex\latex\xcolor\xcolor.sty"
Package: xcolor 2007/01/21 v2.11 LaTeX color extensions (UK)

("C:\Program Files (x86)\MiKTeX 2.9\tex\latex\00miktex\color.cfg"
File: color.cfg 2007/01/18 v1.5 color configuration of teTeX/TeXLive
)
Package xcolor Info: Driver file: pdftex.def on input line 225.
Package xcolor Info: Model `cmy' substituted by `cmy0' on input line 1337.
Package xcolor Info: Model `hsb' substituted by `rgb' on input line 1341.
Package xcolor Info: Model `RGB' extended on input line 1353.
Package xcolor Info: Model `HTML' substituted by `rgb' on input line 1355.
Package xcolor Info: Model `Hsb' substituted by `hsb' on input line 1356.
Package xcolor Info: Model `tHsb' substituted by `hsb' on input line 1357.
Package xcolor Info: Model `HSB' substituted by `hsb' on input line 1358.
Package xcolor Info: Model `Gray' substituted by `gray' on input line 1359.
Package xcolor Info: Model `wave' substituted by `hsb' on input line 1360.
))
(C:\Users\Ben\git\ChemistryCoursework\LaTeX\coursework.aux
(C:\Users\Ben\git\ChemistryCoursework\LaTeX\Abstract\Abstract.aux)
(C:\Users\Ben\git\ChemistryCoursework\LaTeX\Planning\Planning.aux)
(C:\Users\Ben\git\ChemistryCoursework\LaTeX\PreliminaryWork\PreliminaryWork.aux
) (C:\Users\Ben\git\ChemistryCoursework\LaTeX\Experiment\Experiment.aux)
(C:\Users\Ben\git\ChemistryCoursework\LaTeX\Analysis\Analysis.aux)
(C:\Users\Ben\git\ChemistryCoursework\LaTeX\Evaluation\Evaluation.aux)
(C:\Users\Ben\git\ChemistryCoursework\LaTeX\References\References.aux))
LaTeX Font Info:    Checking defaults for OML/cmm/m/it on input line 3.
LaTeX Font Info:    ... okay on input line 3.
LaTeX Font Info:    Checking defaults for T1/cmr/m/n on input line 3.
LaTeX Font Info:    ... okay on input line 3.
LaTeX Font Info:    Checking defaults for OT1/cmr/m/n on input line 3.
LaTeX Font Info:    ... okay on input line 3.
LaTeX Font Info:    Checking defaults for OMS/cmsy/m/n on input line 3.
LaTeX Font Info:    ... okay on input line 3.
LaTeX Font Info:    Checking defaults for OMX/cmex/m/n on input line 3.
LaTeX Font Info:    ... okay on input line 3.
LaTeX Font Info:    Checking defaults for U/cmr/m/n on input line 3.
LaTeX Font Info:    ... okay on input line 3.
LaTeX Font Info:    Checking defaults for PD1/pdf/m/n on input line 3.
LaTeX Font Info:    ... okay on input line 3.
\c@lstlisting=\count138

("C:\Program Files (x86)\MiKTeX 2.9\tex\context\base\supp-pdf.mkii"
[Loading MPS to PDF converter (version 2006.09.02).]
\scratchcounter=\count139
\scratchdimen=\dimen134
\scratchbox=\box39
\nofMPsegments=\count140
\nofMParguments=\count141
\everyMPshowfont=\toks32
\MPscratchCnt=\count142
\MPscratchDim=\dimen135
\MPnumerator=\count143
\makeMPintoPDFobject=\count144
\everyMPtoPDFconversion=\toks33
)
\AtBeginShipoutBox=\box40
Package hyperref Info: Link coloring OFF on input line 3.
 ("C:\Program Files (x86)\MiKTeX 2.9\tex\latex\hyperref\nameref.sty"
Package: nameref 2012/10/27 v2.43 Cross-referencing by name of section

("C:\Program Files (x86)\MiKTeX 2.9\tex\generic\oberdiek\gettitlestring.sty"
Package: gettitlestring 2010/12/03 v1.4 Cleanup title references (HO)
)
\c@section@level=\count145
)
LaTeX Info: Redefining \ref on input line 3.
LaTeX Info: Redefining \pageref on input line 3.
LaTeX Info: Redefining \nameref on input line 3.

(C:\Users\Ben\git\ChemistryCoursework\LaTeX\coursework.out)
(C:\Users\Ben\git\ChemistryCoursework\LaTeX\coursework.out)
\@outlinefile=\write5
 [1



{C:/ProgramData/MiKTeX/2.9/pdftex/config/pdftex.map}]
(C:\Users\Ben\git\ChemistryCoursework\LaTeX\coursework.tocpdfTeX warning (ext4)
: destination with the same identifier (name{page.1}) has been already used, du
plicate ignored
<to be read again> 
                   \relax 
l.32 ...nalysis and Interpretation}{31}{chapter.5}
                                                   [1

])
\tf@toc=\write6
 [2]
(C:\Users\Ben\git\ChemistryCoursework\LaTeX\Abstract\Abstract.tex
Chapter 1.
) [3


] (C:\Users\Ben\git\ChemistryCoursework\LaTeX\Planning\Planning.tex
Chapter 2.
[4



]
LaTeX Font Info:    Try loading font information for OMS+cmr on input line 28.
 ("C:\Program Files (x86)\MiKTeX 2.9\tex\latex\base\omscmr.fd"
File: omscmr.fd 1999/05/25 v2.5h Standard LaTeX font definitions
)
LaTeX Font Info:    Font shape `OMS/cmr/m/n' in size <10> not available
(Font)              Font shape `OMS/cmsy/m/n' tried instead on input line 28.
 [5] [6]
<./Planning/Images/ZeroOrder.jpg, id=229, 237.13594pt x 149.8097pt>
File: ./Planning/Images/ZeroOrder.jpg Graphic file (type jpg)

<use ./Planning/Images/ZeroOrder.jpg>
Package pdftex.def Info: ./Planning/Images/ZeroOrder.jpg used on input line 83.

(pdftex.def)             Requested size: 345.0pt x 217.96138pt.
 [7] [8pdfTeX warning (ext4): destination with the same identifier (name{figure
.2.1}) has been already used, duplicate ignored

\AtBegShi@Output ...ipout \box \AtBeginShipoutBox 
                                                  \fi \fi 
l.106 
       <C:/Users/Ben/git/ChemistryCoursework/LaTeX/Planning/Images/ZeroOrder.jp
g>] <./Planning/Images/FirstOrder.jpg, id=239, 232.61906pt x 150.5625pt>
File: ./Planning/Images/FirstOrder.jpg Graphic file (type jpg)

<use ./Planning/Images/FirstOrder.jpg>
Package pdftex.def Info: ./Planning/Images/FirstOrder.jpg used on input line 11
3.
(pdftex.def)             Requested size: 345.0pt x 223.32292pt.

<./Planning/Images/SecondOrder.jpg, id=240, 229.60782pt x 157.33781pt>
File: ./Planning/Images/SecondOrder.jpg Graphic file (type jpg)

<use ./Planning/Images/SecondOrder.jpg>
Package pdftex.def Info: ./Planning/Images/SecondOrder.jpg used on input line 1
29.
(pdftex.def)             Requested size: 345.0pt x 236.42145pt.
 [9pdfTeX warning (ext4): destination with the same identifier (name{figure.2.2
}) has been already used, duplicate ignored

\AtBegShi@Output ...ipout \box \AtBeginShipoutBox 
                                                  \fi \fi 
l.131 \end{figure}
                   <C:/Users/Ben/git/ChemistryCoursework/LaTeX/Planning/Images/
FirstOrder.jpg>] [10pdfTeX warning (ext4): destination with the same identifier
 (name{figure.2.3}) has been already used, duplicate ignored

\AtBegShi@Output ...ipout \box \AtBeginShipoutBox 
                                                  \fi \fi 
l.147 
       <C:/Users/Ben/git/ChemistryCoursework/LaTeX/Planning/Images/SecondOrder.
jpg>] <./Planning/Images/pHScale.jpg, id=253, 388.45125pt x 351.3125pt>
File: ./Planning/Images/pHScale.jpg Graphic file (type jpg)

<use ./Planning/Images/pHScale.jpg>
Package pdftex.def Info: ./Planning/Images/pHScale.jpg used on input line 176.
(pdftex.def)             Requested size: 345.0pt x 312.02386pt.
 [11]
<./Planning/Images/Indicators.jpg, id=263, 426.84468pt x 232.61906pt>
File: ./Planning/Images/Indicators.jpg Graphic file (type jpg)

<use ./Planning/Images/Indicators.jpg>
Package pdftex.def Info: ./Planning/Images/Indicators.jpg used on input line 18
9.
(pdftex.def)             Requested size: 345.0pt x 188.0264pt.
 [12pdfTeX warning (ext4): destination with the same identifier (name{figure.2.
4}) has been already used, duplicate ignored

\AtBegShi@Output ...ipout \box \AtBeginShipoutBox 
                                                  \fi \fi 
l.192 
       <C:/Users/Ben/git/ChemistryCoursework/LaTeX/Planning/Images/pHScale.jpg>
] [13pdfTeX warning (ext4): destination with the same identifier (name{figure.2
.5}) has been already used, duplicate ignored

\AtBegShi@Output ...ipout \box \AtBeginShipoutBox 
                                                  \fi \fi 
l.217 
       <C:/Users/Ben/git/ChemistryCoursework/LaTeX/Planning/Images/Indicators.j
pg>] [14]
Overfull \hbox (47.97302pt too wide) in paragraph at lines 264--274
 [] 
 []

[15] <./Planning/Images/DOrbitals.jpg, id=287, 654.445pt x 200.75pt>
File: ./Planning/Images/DOrbitals.jpg Graphic file (type jpg)

<use ./Planning/Images/DOrbitals.jpg>
Package pdftex.def Info: ./Planning/Images/DOrbitals.jpg used on input line 288
.
(pdftex.def)             Requested size: 345.0pt x 105.82722pt.
 [16pdfTeX warning (ext4): destination with the same identifier (name{figure.2.
6}) has been already used, duplicate ignored

\AtBegShi@Output ...ipout \box \AtBeginShipoutBox 
                                                  \fi \fi 
l.300 \item S
             tability. <C:/Users/Ben/git/ChemistryCoursework/LaTeX/Planning/Ima
ges/DOrbitals.jpg>]
<./Planning/Images/ComplexShapes.jpg, id=293, 450.18187pt x 130.98938pt>
File: ./Planning/Images/ComplexShapes.jpg Graphic file (type jpg)

<use ./Planning/Images/ComplexShapes.jpg>
Package pdftex.def Info: ./Planning/Images/ComplexShapes.jpg used on input line
 308.
(pdftex.def)             Requested size: 345.0pt x 100.38841pt.

<./Planning/Images/Exothermic.jpg, id=294, 152.4897pt x 110.5731pt>
File: ./Planning/Images/Exothermic.jpg Graphic file (type jpg)

<use ./Planning/Images/Exothermic.jpg>
Package pdftex.def Info: ./Planning/Images/Exothermic.jpg used on input line 32
4.
(pdftex.def)             Requested size: 345.0pt x 250.19933pt.
 [17pdfTeX warning (ext4): destination with the same identifier (name{figure.2.
7}) has been already used, duplicate ignored

\AtBegShi@Output ...ipout \box \AtBeginShipoutBox 
                                                  \fi \fi 
l.327 
       <C:/Users/Ben/git/ChemistryCoursework/LaTeX/Planning/Images/ComplexShape
s.jpg>] <./Planning/Images/Endothermic.jpg, id=301, 152.4897pt x 110.5731pt>
File: ./Planning/Images/Endothermic.jpg Graphic file (type jpg)

<use ./Planning/Images/Endothermic.jpg>
Package pdftex.def Info: ./Planning/Images/Endothermic.jpg used on input line 3
31.
(pdftex.def)             Requested size: 345.0pt x 250.19933pt.
 [18pdfTeX warning (ext4): destination with the same identifier (name{figure.2.
8}) has been already used, duplicate ignored

\AtBegShi@Output ...ipout \box \AtBeginShipoutBox 
                                                  \fi \fi 
l.334 
       <C:/Users/Ben/git/ChemistryCoursework/LaTeX/Planning/Images/Exothermic.j
pg>] [19pdfTeX warning (ext4): destination with the same identifier (name{figur
e.2.9}) has been already used, duplicate ignored

\AtBegShi@Output ...ipout \box \AtBeginShipoutBox 
                                                  \fi \fi 
l.363 \item B
             ung fitted to a glass tube. <C:/Users/Ben/git/ChemistryCoursework/
LaTeX/Planning/Images/Endothermic.jpg>] [20]
Underfull \hbox (badness 10000) in paragraph at lines 424--424
\OT1/cmr/bx/n/10 Chem-i-
 []


Underfull \hbox (badness 10000) in paragraph at lines 424--424
[]|\OT1/cmr/bx/n/10 Source
 []


Underfull \hbox (badness 10000) in paragraph at lines 424--424
[]|\OT1/cmr/bx/n/10 Control Mea-
 []


Underfull \hbox (badness 10000) in paragraph at lines 424--424
[]|\OT1/cmr/bx/n/10 Emergency
 []


Underfull \hbox (badness 10000) in paragraph at lines 426--426
[]|\OT1/cmr/m/n/10 Copper
 []


Underfull \hbox (badness 10000) in paragraph at lines 426--426
\OT1/cmr/m/n/10 Sul-fate
 []


Overfull \hbox (3.01543pt too wide) in paragraph at lines 427--427
[]|\OT1/cmr/m/n/10 CLEAPSS
 []


Underfull \hbox (badness 3019) in paragraph at lines 430--430
\OT1/cmr/m/n/10 the En-vi-ron-
 []


Underfull \hbox (badness 10000) in paragraph at lines 432--433
[]\OT1/cmr/m/n/10 Harmful if
 []


Underfull \hbox (badness 10000) in paragraph at lines 433--433
[]\OT1/cmr/m/n/10 Irritating to
 []


Underfull \hbox (badness 4217) in paragraph at lines 435--436
[]\OT1/cmr/m/n/10 Do not put
 []


Underfull \hbox (badness 10000) in paragraph at lines 438--438
[]\OT1/cmr/m/n/10 Keep away
 []


Underfull \hbox (badness 10000) in paragraph at lines 438--438
\OT1/cmr/m/n/10 from wa-
 []


Underfull \hbox (badness 10000) in paragraph at lines 438--438
\OT1/cmr/m/n/10 ter, un-less
 []


Underfull \hbox (badness 1275) in paragraph at lines 439--439
\OT1/cmr/m/n/10 litre of wa-ter be-
 []


Underfull \hbox (badness 1466) in paragraph at lines 439--439
\OT1/cmr/m/n/10 dis-posal pro-ce-dure
 []


Underfull \hbox (badness 10000) in paragraph at lines 440--440
\OT1/cmr/m/n/10 at-ten-tion.
 []


Underfull \hbox (badness 10000) in paragraph at lines 440--440
\OT1/cmr/m/n/10 Wash con-
 []


Underfull \hbox (badness 10000) in paragraph at lines 440--440
\OT1/cmr/m/n/10 tam-i-nated
 []


Underfull \hbox (badness 10000) in paragraph at lines 442--442
[]|\OT1/cmr/m/n/10 Hydrated
 []


Underfull \hbox (badness 10000) in paragraph at lines 442--442
\OT1/cmr/m/n/10 Cop-per
 []


Underfull \hbox (badness 10000) in paragraph at lines 442--442
\OT1/cmr/m/n/10 Sul-fate
 []


Overfull \hbox (3.01543pt too wide) in paragraph at lines 443--443
[]|\OT1/cmr/m/n/10 CLEAPSS
 []


Underfull \hbox (badness 3019) in paragraph at lines 446--446
\OT1/cmr/m/n/10 the En-vi-ron-
 []


Underfull \hbox (badness 10000) in paragraph at lines 448--449
[]\OT1/cmr/m/n/10 Harmful if
 []


Underfull \hbox (badness 10000) in paragraph at lines 449--449
[]\OT1/cmr/m/n/10 Irritating to
 []


Underfull \hbox (badness 4217) in paragraph at lines 451--452
[]\OT1/cmr/m/n/10 Do not put
 []


Underfull \hbox (badness 7576) in paragraph at lines 455--455
[]|\OT1/cmr/m/n/10 Crystals may be
 []


Underfull \hbox (badness 1348) in paragraph at lines 455--455
\OT1/cmr/m/n/10 0.4 mol dm$[]3$ or
 []


Underfull \hbox (badness 1275) in paragraph at lines 455--455
\OT1/cmr/m/n/10 litre of wa-ter be-
 []


Underfull \hbox (badness 1466) in paragraph at lines 455--455
\OT1/cmr/m/n/10 dis-posal pro-ce-dure
 []


Underfull \hbox (badness 10000) in paragraph at lines 456--456
\OT1/cmr/m/n/10 at-ten-tion.
 []


Underfull \hbox (badness 10000) in paragraph at lines 456--456
\OT1/cmr/m/n/10 Wash con-
 []


Underfull \hbox (badness 10000) in paragraph at lines 456--456
\OT1/cmr/m/n/10 tam-i-nated
 []


Underfull \hbox (badness 10000) in paragraph at lines 460--460
[]|\OT1/cmr/m/n/10 Sulfuric
 []


Overfull \hbox (3.01543pt too wide) in paragraph at lines 461--461
[]|\OT1/cmr/m/n/10 CLEAPSS
 []


Underfull \hbox (badness 4108) in paragraph at lines 463--464
[]\OT1/cmr/m/n/10 Corrosive, if
 []


Underfull \hbox (badness 10000) in paragraph at lines 464--464
[]\OT1/cmr/m/n/10 Irritant, if
 []


Underfull \hbox (badness 10000) in paragraph at lines 465--465
[]|\OT1/cmr/m/n/10 Causes se-ri-ous
 []


Underfull \hbox (badness 3861) in paragraph at lines 467--468
[]\OT1/cmr/m/n/10 Label: Ir-ri-
 []


Underfull \hbox (badness 10000) in paragraph at lines 471--471
[]|\OT1/cmr/m/n/10 Add slowly no
 []


Underfull \hbox (badness 10000) in paragraph at lines 471--471
\OT1/cmr/m/n/10 sodium car-bon-ate
 []


Underfull \hbox (badness 10000) in paragraph at lines 471--471
\OT1/cmr/m/n/10 so-lu-tion (con-
 []


Underfull \hbox (badness 10000) in paragraph at lines 471--471
\OT1/cmr/m/n/10 tain-ing in-di-ca-tor)
 []


Underfull \hbox (badness 10000) in paragraph at lines 471--471
\OT1/cmr/m/n/10 which should be
 []


Underfull \hbox (badness 4096) in paragraph at lines 471--471
\OT1/cmr/m/n/10 con-stantly stirred.
 []


Underfull \hbox (badness 10000) in paragraph at lines 471--471
\OT1/cmr/m/n/10 Let the mix-ture
 []


Underfull \hbox (badness 3657) in paragraph at lines 471--471
\OT1/cmr/m/n/10 acid. Pour the
 []


Underfull \hbox (badness 10000) in paragraph at lines 471--471
\OT1/cmr/m/n/10 so-lu-tion down a
 []


Underfull \hbox (badness 10000) in paragraph at lines 472--472
\OT1/cmr/m/n/10 tam-i-nated
 []


Underfull \hbox (badness 10000) in paragraph at lines 472--472
\OT1/cmr/m/n/10 as much
 []


Underfull \hbox (badness 10000) in paragraph at lines 472--472
\OT1/cmr/m/n/10 liq-uid as
 []


Underfull \hbox (badness 10000) in paragraph at lines 472--472
\OT1/cmr/m/n/10 pos-si-ble off
 []


Underfull \hbox (badness 10000) in paragraph at lines 472--472
\OT1/cmr/m/n/10 the skin
 []


Underfull \hbox (badness 3635) in paragraph at lines 472--472
\OT1/cmr/m/n/10 with a dry
 []


Underfull \hbox (badness 3049) in paragraph at lines 472--472
\OT1/cmr/m/n/10 cloth be-fore
 []


Underfull \hbox (badness 10000) in paragraph at lines 472--472
\OT1/cmr/m/n/10 drench-ing
 []


Underfull \hbox (badness 10000) in paragraph at lines 472--472
\OT1/cmr/m/n/10 the area
 []


Underfull \hbox (badness 10000) in paragraph at lines 472--472
\OT1/cmr/m/n/10 ex-cess of
 []


Underfull \hbox (badness 10000) in paragraph at lines 472--472
\OT1/cmr/m/n/10 large area
 []


Underfull \hbox (badness 10000) in paragraph at lines 472--472
\OT1/cmr/m/n/10 is af-fected
 []


Underfull \hbox (badness 10000) in paragraph at lines 472--472
\OT1/cmr/m/n/10 or blis-ter-
 []


Underfull \hbox (badness 10000) in paragraph at lines 472--472
\OT1/cmr/m/n/10 ing oc-curs,
 []


Overfull \hbox (6.58487pt too wide) in paragraph at lines 474--474
[]|\OT1/cmr/m/n/10 Granulated
 []


Overfull \hbox (3.01543pt too wide) in paragraph at lines 475--475
[]|\OT1/cmr/m/n/10 CLEAPSS
 []


Underfull \hbox (badness 10000) in paragraph at lines 479--479
[]|\OT1/cmr/m/n/10 Place in nor-mal
 []


Underfull \hbox (badness 10000) in paragraph at lines 483--483
[]|\OT1/cmr/m/n/10 Powdered
 []


Overfull \hbox (3.01543pt too wide) in paragraph at lines 484--484
[]|\OT1/cmr/m/n/10 CLEAPSS
 []


Underfull \hbox (badness 10000) in paragraph at lines 486--487
[]\OT1/cmr/m/n/10 Highly
 []


Underfull \hbox (badness 10000) in paragraph at lines 487--487
[]\OT1/cmr/m/n/10 Dangerous
 []


Underfull \hbox (badness 1264) in paragraph at lines 488--488
\OT1/cmr/m/n/10 acid-s/al-kali hy-dro-
 []


Underfull \hbox (badness 7221) in paragraph at lines 488--488
\OT1/cmr/m/n/10 gen is pro-duced,
 []


Underfull \hbox (badness 10000) in paragraph at lines 489--489
[]|\OT1/cmr/m/n/10 Keep away from
 []


Underfull \hbox (badness 4279) in paragraph at lines 490--490
[]|\OT1/cmr/m/n/10 Should be stored
 []


Underfull \hbox (badness 2150) in paragraph at lines 490--490
\OT1/cmr/m/n/10 for re-moval by a
 []


Underfull \hbox (badness 10000) in paragraph at lines 490--490
\OT1/cmr/m/n/10 Reg-is-tered Waste
 []


Underfull \hbox (badness 10000) in paragraph at lines 491--492
\OT1/cmr/m/n/10 and ap-ply
 []


Underfull \hbox (badness 10000) in paragraph at lines 491--492
\OT1/cmr/m/n/10 any burns.
 []


Underfull \hbox (badness 1394) in paragraph at lines 491--492
\OT1/cmr/m/n/10 Alert su-per-
 []


Underfull \hbox (badness 10000) in paragraph at lines 494--494
[]|\OT1/cmr/m/n/10 Zinc
 []


Underfull \hbox (badness 10000) in paragraph at lines 494--494
\OT1/cmr/m/n/10 Sul-fate
 []


Overfull \hbox (3.01543pt too wide) in paragraph at lines 495--496
[]|\OT1/cmr/m/n/10 CLEAPSS
 []


Underfull \hbox (badness 10000) in paragraph at lines 497--498
[]|\OT1/cmr/m/n/10 Harmful if swal-
 []


Underfull \hbox (badness 10000) in paragraph at lines 497--498
\OT1/cmr/m/n/10 lowed, dam-aged
 []


Underfull \hbox (badness 4001) in paragraph at lines 498--499
[]|\OT1/cmr/m/n/10 Wear eye pro-tec-
 []


Underfull \hbox (badness 5519) in paragraph at lines 499--500
[]|\OT1/cmr/m/n/10 Place in a suit-
 []


Underfull \hbox (badness 1509) in paragraph at lines 499--500
\OT1/cmr/m/n/10 able, clos-able, la-
 []


Underfull \hbox (badness 3942) in paragraph at lines 500--501
\OT1/cmr/m/n/10 in the eye,
 []


Underfull \hbox (badness 10000) in paragraph at lines 500--501
\OT1/cmr/m/n/10 sta-tion for
 []


Underfull \hbox (badness 10000) in paragraph at lines 500--501
\OT1/cmr/m/n/10 atleast 10
 []


Underfull \hbox (badness 10000) in paragraph at lines 504--504
[]|\OT1/cmr/m/n/10 Hydrogen
 []


Overfull \hbox (3.01543pt too wide) in paragraph at lines 505--506
[]|\OT1/cmr/m/n/10 CLEAPSS
 []


Underfull \hbox (badness 10000) in paragraph at lines 508--509
[]|\OT1/cmr/m/n/10 Keep away from
 []


Underfull \hbox (badness 2735) in paragraph at lines 509--510
\OT1/cmr/m/n/10 vent the ma-te-rial
 []


Underfull \hbox (badness 10000) in paragraph at lines 510--511
\OT1/cmr/m/n/10 and ap-ply
 []


Underfull \hbox (badness 10000) in paragraph at lines 510--511
\OT1/cmr/m/n/10 any burns.
 []


Underfull \hbox (badness 1394) in paragraph at lines 510--511
\OT1/cmr/m/n/10 Alert su-per-
 []


Overfull \hbox (17.6968pt too wide) in alignment at lines 422--516
 [] [] [] [] [] [] [] 
 []


Underfull \vbox (badness 10000) detected at line 516
 []

[21

] [22] [23]
<./Planning/Images/GasSyringe.jpg, id=333, 340.27126pt x 210.7875pt>
File: ./Planning/Images/GasSyringe.jpg Graphic file (type jpg)

<use ./Planning/Images/GasSyringe.jpg>
Package pdftex.def Info: ./Planning/Images/GasSyringe.jpg used on input line 53
7.
(pdftex.def)             Requested size: 345.0pt x 213.72673pt.
 [24

pdfTeX warning (ext4): destination with the same identifier (name{figure.2.10})
 has been already used, duplicate ignored

\AtBegShi@Output ...ipout \box \AtBeginShipoutBox 
                                                  \fi \fi 
l.550 \end{enumerate}
                      <C:/Users/Ben/git/ChemistryCoursework/LaTeX/Planning/Imag
es/GasSyringe.jpg>]
<./Planning/Images/InvertedBurette.jpg, id=353, 252.945pt x 224.33812pt>
File: ./Planning/Images/InvertedBurette.jpg Graphic file (type jpg)

<use ./Planning/Images/InvertedBurette.jpg>
Package pdftex.def Info: ./Planning/Images/InvertedBurette.jpg used on input li
ne 602.
(pdftex.def)             Requested size: 345.0pt x 305.98924pt.
 [25] [26pdfTeX warning (ext4): destination with the same identifier (name{figu
re.2.11}) has been already used, duplicate ignored

\AtBegShi@Output ...ipout \box \AtBeginShipoutBox 
                                                  \fi \fi 
l.613 \item B
             alance (reading to 0.01 g) <C:/Users/Ben/git/ChemistryCoursework/L
aTeX/Planning/Images/InvertedBurette.jpg>]
<./Planning/Images/MassChange.pdf, id=369, 310.15875pt x 324.21124pt>
File: ./Planning/Images/MassChange.pdf Graphic file (type pdf)

<use ./Planning/Images/MassChange.pdf>
Package pdftex.def Info: ./Planning/Images/MassChange.pdf used on input line 61
9.
(pdftex.def)             Requested size: 345.0pt x 360.63069pt.
 [27pdfTeX warning (ext4): destination with the same identifier (name{figure.2.
12}) has been already used, duplicate ignored

\AtBegShi@Output ...ipout \box \AtBeginShipoutBox 
                                                  \fi \fi 
l.630 \item W
             eigh out 1.0 g of granulated zinc. <C:/Users/Ben/git/ChemistryCour
sework/LaTeX/Planning/Images/MassChange.pdf>]) [28]
(C:\Users\Ben\git\ChemistryCoursework\LaTeX\PreliminaryWork\PreliminaryWork.tex
Chapter 3.
) [29



] (C:\Users\Ben\git\ChemistryCoursework\LaTeX\Experiment\Experiment.tex
Chapter 4.
) [30



] (C:\Users\Ben\git\ChemistryCoursework\LaTeX\Analysis\Analysis.tex
Chapter 5.
) [31



] (C:\Users\Ben\git\ChemistryCoursework\LaTeX\Evaluation\Evaluation.tex
Chapter 6.
) [32



] (C:\Users\Ben\git\ChemistryCoursework\LaTeX\References\References.tex
Chapter 7.

Overfull \hbox (16.77559pt too wide) in paragraph at lines 10--11
$\OT1/cmtt/m/n/10 EiC / issues / 2011January / ExhibitionChemistry . asp ? e = 
1$[] \OT1/cmr/m/n/10 - Ac-cessed 18:20,
 []


Overfull \hbox (15.85965pt too wide) in paragraph at lines 12--13
[]\OT1/cmr/m/n/10 Source 4 - Catal-y-sis in In-dus-try - []$\OT1/cmtt/m/n/10 ht
tp : / / www . essentialchemicalindustry .$
 []


Overfull \hbox (20.49843pt too wide) in paragraph at lines 12--13
$\OT1/cmtt/m/n/10 org / processes / catalysis-[]in-[]industry . html$[] \OT1/cm
r/m/n/10 - Ac-cessed 18:45, 09/02/2015. 
 []


Overfull \hbox (1.08252pt too wide) in paragraph at lines 19--20
[]\OT1/cmr/m/n/10 Source 7 - Av-er-age and In-stan-ta-neous Rates - []$\OT1/cmt
t/m/n/10 http : / / chemwiki . ucdavis .$
 []


Overfull \hbox (26.49701pt too wide) in paragraph at lines 19--20
$\OT1/cmtt/m/n/10 edu / Physical _ Chemistry / Kinetics / Reaction _ Rates / Me
asuring _ Reaction _$
 []

[33



]
Overfull \hbox (21.58157pt too wide) in paragraph at lines 27--28
[]\OT1/cmr/m/n/10 Source 11 - Ki-net-ics Part 1 - []$\OT1/cmtt/m/n/10 http : / 
/ www . docbrown . info / page03 / ASA2rates .$
 []


Overfull \hbox (16.74751pt too wide) in paragraph at lines 29--30
$\OT1/cmtt/m/n/10 uk / 2011 / 02 / difference-[]between-[]electrochemical-[]cel
l . html$[] \OT1/cmr/m/n/10 - Ac-cessed
 []


Overfull \hbox (18.22098pt too wide) in paragraph at lines 31--32
[]\OT1/cmr/m/n/10 Source 14 - Elec-tro-chem-i-cal Cat-a-lyst - []$\OT1/cmtt/m/n
/10 http : / / chem . lapeer . org / Chem1Docs /$
 []


Overfull \hbox (8.99852pt too wide) in paragraph at lines 33--34
$\OT1/cmtt/m/n/10 org / wiki / Octahedral _ molecular _ geometry$[] \OT1/cmr/m/
n/10 - Ac-cessed 20:34, 03/03/2015. 
 []


Overfull \hbox (0.43031pt too wide) in paragraph at lines 54--55
[]\OT1/cmr/m/n/10 Figure 2.3 - Second-Order Rate vs Con-cen-tra-tion Graph - []
$\OT1/cmtt/m/n/10 http : / / ibchem .$
 []


Overfull \hbox (130.02376pt too wide) in paragraph at lines 56--57
[]\OT1/cmr/m/n/10 Figure 2.4 - pH Scale - []$\OT1/cmtt/m/n/10 http : / / www . 
heartupdate . com / prevention / ph-[]body-[]influence-[]daily-[]life _$
 []

[34]
Overfull \hbox (0.79065pt too wide) in paragraph at lines 68--69
[]\OT1/cmr/m/n/10 Figure 2.10 - Gas Sy-ringe Ex-per-i-ment - []$\OT1/cmtt/m/n/1
0 http : / / www . bbc . co . uk / schools /$
 []


Overfull \hbox (47.49683pt too wide) in paragraph at lines 68--69
$\OT1/cmtt/m/n/10 gcsebitesize / science / add _ ocr _ gateway / chemical _ eco
nomics / reaction1rev1 .$
 []


Overfull \hbox (132.24614pt too wide) in paragraph at lines 72--73
$\OT1/cmtt/m/n/10 za / science / grade-[]12 / 07-[]rate-[]and-[]extent-[]of-[]r
eaction / 07-[]rate-[]and-[]extent-[]of-[]reaction-[]03 .$
 []

) [35]
Package atveryend Info: Empty hook `BeforeClearDocument' on input line 21.
Package atveryend Info: Empty hook `AfterLastShipout' on input line 21.
 (C:\Users\Ben\git\ChemistryCoursework\LaTeX\coursework.aux
(C:\Users\Ben\git\ChemistryCoursework\LaTeX\Abstract\Abstract.aux)
(C:\Users\Ben\git\ChemistryCoursework\LaTeX\Planning\Planning.aux)
(C:\Users\Ben\git\ChemistryCoursework\LaTeX\PreliminaryWork\PreliminaryWork.aux
) (C:\Users\Ben\git\ChemistryCoursework\LaTeX\Experiment\Experiment.aux)
(C:\Users\Ben\git\ChemistryCoursework\LaTeX\Analysis\Analysis.aux)
(C:\Users\Ben\git\ChemistryCoursework\LaTeX\Evaluation\Evaluation.aux)
(C:\Users\Ben\git\ChemistryCoursework\LaTeX\References\References.aux))
Package atveryend Info: Executing hook `AtVeryEndDocument' on input line 21.
Package atveryend Info: Executing hook `AtEndAfterFileList' on input line 21.
Package rerunfilecheck Info: File `coursework.out' has not changed.
(rerunfilecheck)             Checksum: FEB901FC8A2048DC9299E0E98B668995;2437.
Package atveryend Info: Empty hook `AtVeryVeryEnd' on input line 21.
 ) 
Here is how much of TeX's memory you used:
 10062 strings out of 493921
 146497 string characters out of 3144881
 274718 words of memory out of 3000000
 13031 multiletter control sequences out of 15000+200000
 10403 words of font info for 38 fonts, out of 3000000 for 9000
 841 hyphenation exceptions out of 8191
 37i,12n,45p,1343b,544s stack positions out of 5000i,500n,10000p,200000b,50000s
<C:/Program Files (x86)/MiKTeX 2.9/fonts/type1/public/amsfonts/cm/cmbx10.pfb>
<C:/Program Files (x86)/MiKTeX 2.9/fonts/type1/public/amsfonts/cm/cmbx12.pfb><C
:/Program Files (x86)/MiKTeX 2.9/fonts/type1/public/amsfonts/cm/cmex10.pfb><C:/
Program Files (x86)/MiKTeX 2.9/fonts/type1/public/amsfonts/cm/cmmi10.pfb><C:/Pr
ogram Files (x86)/MiKTeX 2.9/fonts/type1/public/amsfonts/cm/cmmi7.pfb><C:/Progr
am Files (x86)/MiKTeX 2.9/fonts/type1/public/amsfonts/cm/cmr10.pfb><C:/Program 
Files (x86)/MiKTeX 2.9/fonts/type1/public/amsfonts/cm/cmr12.pfb><C:/Program Fil
es (x86)/MiKTeX 2.9/fonts/type1/public/amsfonts/cm/cmr17.pfb><C:/Program Files 
(x86)/MiKTeX 2.9/fonts/type1/public/amsfonts/cm/cmr5.pfb><C:/Program Files (x86
)/MiKTeX 2.9/fonts/type1/public/amsfonts/cm/cmr7.pfb><C:/Program Files (x86)/Mi
KTeX 2.9/fonts/type1/public/amsfonts/cm/cmsy10.pfb><C:/Program Files (x86)/MiKT
eX 2.9/fonts/type1/public/amsfonts/cm/cmsy7.pfb><C:/Program Files (x86)/MiKTeX 
2.9/fonts/type1/public/amsfonts/cm/cmtt10.pfb>
Output written on coursework.pdf (36 pages, 675439 bytes).
PDF statistics:
 538 PDF objects out of 1000 (max. 8388607)
 122 named destinations out of 1000 (max. 500000)
 357 words of extra memory for PDF output out of 10000 (max. 10000000)

